# JRE version: Java(TM) SE Runtime Environment (8.0_321-b07) (build 1.8.0_321-b07)
# Java VM: Java HotSpot(TM) 64-Bit Server VM (25.321-b07 mixed mode windows-amd64 compressed oops)
Heap:
 PSYoungGen      total 65536K, used 23420K [0x00000000d6200000, 0x00000000dab80000, 0x0000000100000000)
  eden space 55808K, 41% used [0x00000000d6200000,0x00000000d78df0d8,0x00000000d9880000)
  from space 9728K, 0% used [0x00000000d9880000,0x00000000d9880000,0x00000000da200000)
  to   space 8704K, 0% used [0x00000000da300000,0x00000000da300000,0x00000000dab80000)
 ParOldGen       total 51200K, used 10926K [0x0000000082600000, 0x0000000085800000, 0x00000000d6200000)
  object space 51200K, 21% used [0x0000000082600000,0x00000000830ab8d8,0x0000000085800000)
 Metaspace       used 28180K, capacity 29490K, committed 29824K, reserved 1085440K
  class space    used 3802K, capacity 4099K, committed 4224K, reserved 1048576K
GC Heap History (10 events):
Event: 10.481 GC heap before
{Heap before GC invocations=9 (full 2):
 PSYoungGen      total 65536K, used 4805K [0x00000000d6200000, 0x00000000dab80000, 0x0000000100000000)
  eden space 55808K, 0% used [0x00000000d6200000,0x00000000d6200000,0x00000000d9880000)
  from space 9728K, 49% used [0x00000000d9880000,0x00000000d9d316f8,0x00000000da200000)
  to   space 8704K, 0% used [0x00000000da300000,0x00000000da300000,0x00000000dab80000)
 ParOldGen       total 51200K, used 6652K [0x0000000082600000, 0x0000000085800000, 0x00000000d6200000)
  object space 51200K, 12% used [0x0000000082600000,0x0000000082c7f310,0x0000000085800000)
 Metaspace       used 26486K, capacity 27594K, committed 27648K, reserved 1079296K
  class space    used 3554K, capacity 3815K, committed 3840K, reserved 1048576K
Event: 10.541 GC heap after
Heap after GC invocations=9 (full 2):
 PSYoungGen      total 65536K, used 0K [0x00000000d6200000, 0x00000000dab80000, 0x0000000100000000)
  eden space 55808K, 0% used [0x00000000d6200000,0x00000000d6200000,0x00000000d9880000)
  from space 9728K, 0% used [0x00000000d9880000,0x00000000d9880000,0x00000000da200000)
  to   space 8704K, 0% used [0x00000000da300000,0x00000000da300000,0x00000000dab80000)
 ParOldGen       total 51200K, used 10652K [0x0000000082600000, 0x0000000085800000, 0x00000000d6200000)
  object space 51200K, 20% used [0x0000000082600000,0x00000000830673a8,0x0000000085800000)
 Metaspace       used 26486K, capacity 27594K, committed 27648K, reserved 1077248K
  class space    used 3554K, capacity 3815K, committed 3840K, reserved 1048576K
}
Event: 10.610 GC heap before
{Heap before GC invocations=10 (full 2):
 PSYoungGen      total 65536K, used 1679K [0x00000000d6200000, 0x00000000dab80000, 0x0000000100000000)
  eden space 55808K, 3% used [0x00000000d6200000,0x00000000d63a3ee8,0x00000000d9880000)
  from space 9728K, 0% used [0x00000000d9880000,0x00000000d9880000,0x00000000da200000)
  to   space 8704K, 0% used [0x00000000da300000,0x00000000da300000,0x00000000dab80000)
 ParOldGen       total 51200K, used 10652K [0x0000000082600000, 0x0000000085800000, 0x00000000d6200000)
  object space 51200K, 20% used [0x0000000082600000,0x00000000830673a8,0x0000000085800000)
 Metaspace       used 26586K, capacity 27722K, committed 27904K, reserved 1079296K
  class space    used 3567K, capacity 3815K, committed 3840K, reserved 1048576K
Event: 10.611 GC heap after
Heap after GC invocations=10 (full 2):
 PSYoungGen      total 64512K, used 191K [0x00000000d6200000, 0x00000000dab80000, 0x0000000100000000)
  eden space 55808K, 0% used [0x00000000d6200000,0x00000000d6200000,0x00000000d9880000)
  from space 8704K, 2% used [0x00000000da300000,0x00000000da32fce8,0x00000000dab80000)
  to   space 9728K, 0% used [0x00000000d9880000,0x00000000d9880000,0x00000000da200000)
 ParOldGen       total 51200K, used 10652K [0x0000000082600000, 0x0000000085800000, 0x00000000d6200000)
  object space 51200K, 20% used [0x0000000082600000,0x00000000830673a8,0x0000000085800000)
 Metaspace       used 26586K, capacity 27722K, committed 27904K, reserved 1079296K
  class space    used 3567K, capacity 3815K, committed 3840K, reserved 1048576K
}
Event: 10.611 GC heap before
{Heap before GC invocations=11 (full 3):
 PSYoungGen      total 64512K, used 191K [0x00000000d6200000, 0x00000000dab80000, 0x0000000100000000)
  eden space 55808K, 0% used [0x00000000d6200000,0x00000000d6200000,0x00000000d9880000)
  from space 8704K, 2% used [0x00000000da300000,0x00000000da32fce8,0x00000000dab80000)
  to   space 9728K, 0% used [0x00000000d9880000,0x00000000d9880000,0x00000000da200000)
 ParOldGen       total 51200K, used 10652K [0x0000000082600000, 0x0000000085800000, 0x00000000d6200000)
  object space 51200K, 20% used [0x0000000082600000,0x00000000830673a8,0x0000000085800000)
 Metaspace       used 26586K, capacity 27722K, committed 27904K, reserved 1079296K
  class space    used 3567K, capacity 3815K, committed 3840K, reserved 1048576K
Event: 10.664 GC heap after
Heap after GC invocations=11 (full 3):
 PSYoungGen      total 64512K, used 0K [0x00000000d6200000, 0x00000000dab80000, 0x0000000100000000)
  eden space 55808K, 0% used [0x00000000d6200000,0x00000000d6200000,0x00000000d9880000)
  from space 8704K, 0% used [0x00000000da300000,0x00000000da300000,0x00000000dab80000)
  to   space 9728K, 0% used [0x00000000d9880000,0x00000000d9880000,0x00000000da200000)
 ParOldGen       total 51200K, used 9924K [0x0000000082600000, 0x0000000085800000, 0x00000000d6200000)
  object space 51200K, 19% used [0x0000000082600000,0x0000000082fb10b8,0x0000000085800000)
 Metaspace       used 26586K, capacity 27722K, committed 27904K, reserved 1077248K
  class space    used 3567K, capacity 3815K, committed 3840K, reserved 1048576K
}
Event: 10.871 GC heap before
{Heap before GC invocations=12 (full 3):
 PSYoungGen      total 64512K, used 9881K [0x00000000d6200000, 0x00000000dab80000, 0x0000000100000000)
  eden space 55808K, 17% used [0x00000000d6200000,0x00000000d6ba65c8,0x00000000d9880000)
  from space 8704K, 0% used [0x00000000da300000,0x00000000da300000,0x00000000dab80000)
  to   space 9728K, 0% used [0x00000000d9880000,0x00000000d9880000,0x00000000da200000)
 ParOldGen       total 51200K, used 9924K [0x0000000082600000, 0x0000000085800000, 0x00000000d6200000)
  object space 51200K, 19% used [0x0000000082600000,0x0000000082fb10b8,0x0000000085800000)
 Metaspace       used 27339K, capacity 28506K, committed 28672K, reserved 1081344K
  class space    used 3678K, capacity 3965K, committed 4096K, reserved 1048576K
Event: 10.872 GC heap after
Heap after GC invocations=12 (full 3):
 PSYoungGen      total 65536K, used 1271K [0x00000000d6200000, 0x00000000dab80000, 0x0000000100000000)
  eden space 55808K, 0% used [0x00000000d6200000,0x00000000d6200000,0x00000000d9880000)
  from space 9728K, 13% used [0x00000000d9880000,0x00000000d99bdfe8,0x00000000da200000)
  to   space 8704K, 0% used [0x00000000da300000,0x00000000da300000,0x00000000dab80000)
 ParOldGen       total 51200K, used 9932K [0x0000000082600000, 0x0000000085800000, 0x00000000d6200000)
  object space 51200K, 19% used [0x0000000082600000,0x0000000082fb30b8,0x0000000085800000)
 Metaspace       used 27339K, capacity 28506K, committed 28672K, reserved 1081344K
  class space    used 3678K, capacity 3965K, committed 4096K, reserved 1048576K
}
Event: 10.872 GC heap before
{Heap before GC invocations=13 (full 4):
 PSYoungGen      total 65536K, used 1271K [0x00000000d6200000, 0x00000000dab80000, 0x0000000100000000)
  eden space 55808K, 0% used [0x00000000d6200000,0x00000000d6200000,0x00000000d9880000)
  from space 9728K, 13% used [0x00000000d9880000,0x00000000d99bdfe8,0x00000000da200000)
  to   space 8704K, 0% used [0x00000000da300000,0x00000000da300000,0x00000000dab80000)
 ParOldGen       total 51200K, used 9932K [0x0000000082600000, 0x0000000085800000, 0x00000000d6200000)
  object space 51200K, 19% used [0x0000000082600000,0x0000000082fb30b8,0x0000000085800000)
 Metaspace       used 27339K, capacity 28506K, committed 28672K, reserved 1081344K
  class space    used 3678K, capacity 3965K, committed 4096K, reserved 1048576K
Event: 10.911 GC heap after
Heap after GC invocations=13 (full 4):
 PSYoungGen      total 65536K, used 0K [0x00000000d6200000, 0x00000000dab80000, 0x0000000100000000)
  eden space 55808K, 0% used [0x00000000d6200000,0x00000000d6200000,0x00000000d9880000)
  from space 9728K, 0% used [0x00000000d9880000,0x00000000d9880000,0x00000000da200000)
  to   space 8704K, 0% used [0x00000000da300000,0x00000000da300000,0x00000000dab80000)
 ParOldGen       total 51200K, used 10926K [0x0000000082600000, 0x0000000085800000, 0x00000000d6200000)
  object space 51200K, 21% used [0x0000000082600000,0x00000000830ab8d8,0x0000000085800000)
 Metaspace       used 27339K, capacity 28506K, committed 28672K, reserved 1079296K
  class space    used 3678K, capacity 3965K, committed 4096K, reserved 1048576K
}

